<?xml version="1.0" encoding="UTF-8"?>
<testsuite name="QKART_TESTNG.QKART_Tests" tests="12" skipped="0" failures="0" errors="0" timestamp="2023-05-12T09:27:32" hostname="jyohoney14" time="376.951">
  <properties/>
  <testcase name="TestCase01[0](testUser, abc@123)" classname="QKART_TESTNG.QKART_Tests" time="8.767"/>
  <testcase name="TestCase02[0](testUser, abc@123)" classname="QKART_TESTNG.QKART_Tests" time="34.95"/>
  <testcase name="TestCase03[0](YONEX)" classname="QKART_TESTNG.QKART_Tests" time="35.615"/>
  <testcase name="TestCase04[0](Roadster)" classname="QKART_TESTNG.QKART_Tests" time="15.74"/>
  <testcase name="TestCase05[0](YONEX Smash Badminton Racquet, Tan Leatherette Weekender Duffle, Addr line 1 addr Line 2 addr line 3)" classname="QKART_TESTNG.QKART_Tests" time="24.411"/>
  <testcase name="TestCase06[0](Xtend Smart Watch, Yarine Floor Lamp)" classname="QKART_TESTNG.QKART_Tests" time="29.834"/>
  <testcase name="TestCase07[0](Stylecon 9 Seater RHS Sofa Set, Xtend Smart Watch)" classname="QKART_TESTNG.QKART_Tests" time="22.664"/>
  <testcase name="TestCase08[0](Stylecon 9 Seater RHS Sofa Set , 60)" classname="QKART_TESTNG.QKART_Tests" time="148.767"/>
  <testcase name="TestCase10" classname="QKART_TESTNG.QKART_Tests" time="8.67"/>
  <testcase name="TestCase09" classname="QKART_TESTNG.QKART_Tests" time="14.923"/>
  <testcase name="TestCase11[0](crio user, criouser@gmail.com, Testing the contact us page)" classname="QKART_TESTNG.QKART_Tests" time="2.714"/>
  <testcase name="TestCase12[0](YONEX Smash Badminton Racquet, Addr line 1  addr Line 2  addr line 3)" classname="QKART_TESTNG.QKART_Tests" time="23.844"/>
  <system-out><![CDATA[Error while searching for a product: Expected condition failed: waiting for visibility of all elements located by By.xpath: //div[@class='MuiCardContent-root css-1qw96cp'][1]/p[contains(text(),'Gesundheit')] (tried for 30 second(s) with 500 milliseconds interval)
Build info: version: '4.0.0-alpha-1', revision: 'd1d3728cae', time: '2019-04-24T13:42:21'
System info: host: 'jyohoney14', ip: '192.168.74.122', os.name: 'Linux', os.arch: 'amd64', os.version: '5.3.0-1023-aws', java.version: '11.0.18'
Driver info: org.openqa.selenium.remote.RemoteWebDriver
Capabilities {acceptInsecureCerts: false, browserName: chrome, browserVersion: 91.0.4472.77, chrome: {chromedriverVersion: 91.0.4472.19 (1bf021f248676..., userDataDir: /tmp/.com.google.Chrome.UpUlQ3}, goog:chromeOptions: {debuggerAddress: localhost:35531}, javascriptEnabled: true, networkConnectionEnabled: false, pageLoadStrategy: normal, platform: LINUX, platformName: LINUX, proxy: Proxy(), setWindowRect: true, strictFileInteractability: false, timeouts: {implicit: 0, pageLoad: 300000, script: 30000}, unhandledPromptBehavior: dismiss and notify, webauthn:extension:largeBlob: true, webauthn:virtualAuthenticators: true, webdriver.remote.sessionid: 1d88b13eb5cd9e4bed84dd99c97...}
Session ID: 1d88b13eb5cd9e4bed84dd99c97b8fff
]]></system-out>
  <system-err><![CDATA[]]></system-err>
</testsuite>
