<?xml version="1.0" encoding="UTF-8"?>
<!-- Generated by org.testng.reporters.JUnitReportReporter -->
<testsuite hostname="jyohoney14" failures="0" tests="12" name="QKART_TESTNG.QKART_Tests" time="370.899" errors="0" timestamp="2023-05-12T15:03:50 IST" skipped="0">
  <testcase classname="QKART_TESTNG.QKART_Tests" name="TestCase01" time="8.767"/>
  <system-out/>
  <testcase classname="QKART_TESTNG.QKART_Tests" name="TestCase02" time="34.950"/>
  <system-out/>
  <testcase classname="QKART_TESTNG.QKART_Tests" name="TestCase03" time="35.615"/>
  <system-out/>
  <testcase classname="QKART_TESTNG.QKART_Tests" name="TestCase04" time="15.740"/>
  <system-out/>
  <testcase classname="QKART_TESTNG.QKART_Tests" name="TestCase05" time="24.411"/>
  <system-out/>
  <testcase classname="QKART_TESTNG.QKART_Tests" name="TestCase06" time="29.834"/>
  <system-out/>
  <testcase classname="QKART_TESTNG.QKART_Tests" name="TestCase07" time="22.664"/>
  <system-out/>
  <testcase classname="QKART_TESTNG.QKART_Tests" name="TestCase08" time="148.767"/>
  <system-out/>
  <testcase classname="QKART_TESTNG.QKART_Tests" name="TestCase10" time="8.670"/>
  <system-out/>
  <testcase classname="QKART_TESTNG.QKART_Tests" name="TestCase09" time="14.923"/>
  <system-out/>
  <testcase classname="QKART_TESTNG.QKART_Tests" name="TestCase11" time="2.714"/>
  <system-out/>
  <testcase classname="QKART_TESTNG.QKART_Tests" name="TestCase12" time="23.844"/>
  <system-out/>
</testsuite> <!-- QKART_TESTNG.QKART_Tests -->
